#At time x Process y state arr w total z remain y wait k
At time 2 Process 1 started arr 1 total 6 remain 6 wait 0
At time 8 Process 1 finished arr 1 total 6 remain 0 wait 1 TA 7 WTA 1.00
At time 9 Process 2 started arr 3 total 3 remain 3 wait 0
At time 12 Process 2 finished arr 3 total 3 remain 0 wait 6 TA 9 WTA 3.00
At time 13 Process 3 started arr 10 total 4 remain 4 wait 0
At time 17 Process 3 finished arr 10 total 4 remain 0 wait 3 TA 7 WTA 1.00
At time 18 Process 4 started arr 14 total 2 remain 2 wait 0
At time 20 Process 4 finished arr 14 total 2 remain 0 wait 4 TA 6 WTA 3.00
#At time x Process y state arr w total z remain y wait k
At time 2 Process 1 started arr 1 total 6 remain 6 wait 0
At time 5 Process 1 stopped arr 1 total 6 remain 3 wait 1
At time 6 Process 2 started arr 3 total 3 remain 3 wait 0
At time 9 Process 2 finished arr 3 total 3 remain 0 wait 3 TA 6 WTA 2.00
At time 10 Process 1 resumed arr 1 total 6 remain 3 wait 6
At time 13 Process 1 finished arr 1 total 6 remain 0 wait 6 TA 12 WTA 2.00
At time 14 Process 3 started arr 10 total 4 remain 4 wait 0
At time 17 Process 3 stopped arr 10 total 4 remain 1 wait 4
At time 18 Process 4 started arr 14 total 2 remain 2 wait 0
At time 20 Process 4 finished arr 14 total 2 remain 0 wait 4 TA 6 WTA 3.00
At time 21 Process 3 resumed arr 10 total 4 remain 1 wait 8
At time 22 Process 3 finished arr 10 total 4 remain 0 wait 8 TA 12 WTA 3.00
#At time x Process y state arr w total z remain y wait k
At time 1 Process 1 started arr 1 total 6 remain 6 wait 0
At time 4 Process 1 stopped arr 1 total 6 remain 4 wait 0
At time 5 Process 2 started arr 3 total 3 remain 3 wait 0
At time 8 Process 2 finished arr 3 total 3 remain 0 wait 2 TA 5 WTA 1.00
At time 9 Process 1 resumed arr 1 total 6 remain 4 wait 6
At time 13 Process 1 finished arr 1 total 6 remain 0 wait 6 TA 12 WTA 2.00
At time 14 Process 3 started arr 10 total 4 remain 4 wait 0
At time 15 Process 3 stopped arr 10 total 4 remain 4 wait 4
At time 16 Process 4 started arr 14 total 2 remain 2 wait 0
At time 18 Process 4 finished arr 14 total 2 remain 0 wait 2 TA 4 WTA 2.00
At time 19 Process 3 resumed arr 10 total 4 remain 4 wait 9
At time 23 Process 3 finished arr 10 total 4 remain 0 wait 9 TA 13 WTA 3.00
#At time x Process y state arr w total z remain y wait k
At time 2 Process 1 started arr 1 total 6 remain 6 wait 0
At time 4 Process 1 stopped arr 1 total 6 remain 5 wait 1
At time 5 Process 2 started arr 3 total 3 remain 3 wait 0
At time 8 Process 2 finished arr 3 total 3 remain 0 wait 2 TA 5 WTA 1.00
At time 9 Process 1 resumed arr 1 total 6 remain 5 wait 7
At time 14 Process 1 finished arr 1 total 6 remain 0 wait 7 TA 13 WTA 2.00
At time 15 Process 4 started arr 14 total 2 remain 2 wait 0
At time 17 Process 4 finished arr 14 total 2 remain 0 wait 1 TA 3 WTA 1.00
At time 18 Process 3 started arr 10 total 4 remain 4 wait 0
At time 22 Process 3 finished arr 10 total 4 remain 0 wait 8 TA 12 WTA 3.00
#At time x Process y state arr w total z remain y wait k
At time 2 Process 1 started arr 1 total 6 remain 6 wait 0
At time 4 Process 1 stopped arr 1 total 6 remain 5 wait 1
At time 5 Process 2 started arr 3 total 3 remain 3 wait 0
At time 8 Process 2 finished arr 3 total 3 remain 0 wait 2 TA 5 WTA 1.00
At time 9 Process 1 resumed arr 1 total 6 remain 5 wait 7
At time 14 Process 1 finished arr 1 total 6 remain 0 wait 7 TA 13 WTA 2.00
At time 15 Process 4 started arr 14 total 2 remain 2 wait 0
At time 17 Process 4 finished arr 14 total 2 remain 0 wait 1 TA 3 WTA 1.00
At time 18 Process 3 started arr 10 total 4 remain 4 wait 0
At time 22 Process 3 finished arr 10 total 4 remain 0 wait 8 TA 12 WTA 3.00
#At time x Process y state arr w total z remain y wait k
At time 2 Process 1 started arr 1 total 6 remain 6 wait 0
At time 4 Process 1 stopped arr 1 total 6 remain 5 wait 1
At time 5 Process 2 started arr 3 total 3 remain 3 wait 0
At time 8 Process 2 finished arr 3 total 3 remain 0 wait 2 TA 5 WTA 1.00
At time 9 Process 1 resumed arr 1 total 6 remain 5 wait 7
At time 14 Process 1 finished arr 1 total 6 remain 0 wait 7 TA 13 WTA 2.00
At time 15 Process 4 started arr 14 total 2 remain 2 wait 0
At time 17 Process 4 finished arr 14 total 2 remain 0 wait 1 TA 3 WTA 1.00
At time 18 Process 3 started arr 10 total 4 remain 4 wait 0
At time 22 Process 3 finished arr 10 total 4 remain 0 wait 8 TA 12 WTA 3.00
#At time x Process y state arr w total z remain y wait k
At time 2 Process 1 started arr 1 total 6 remain 6 wait 0
At time 4 Process 1 stopped arr 1 total 6 remain 5 wait 1
At time 5 Process 2 started arr 3 total 3 remain 3 wait 0
At time 8 Process 2 finished arr 3 total 3 remain 0 wait 2 TA 5 WTA 1.00
At time 9 Process 1 resumed arr 1 total 6 remain 5 wait 7
At time 14 Process 1 finished arr 1 total 6 remain 0 wait 7 TA 13 WTA 2.00
At time 15 Process 4 started arr 14 total 2 remain 2 wait 0
At time 17 Process 4 finished arr 14 total 2 remain 0 wait 1 TA 3 WTA 1.00
At time 18 Process 3 started arr 10 total 4 remain 4 wait 0
At time 22 Process 3 finished arr 10 total 4 remain 0 wait 8 TA 12 WTA 3.00
#At time x Process y state arr w total z remain y wait k
At time 2 Process 1 started arr 1 total 6 remain 6 wait 0
At time 4 Process 1 stopped arr 1 total 6 remain 5 wait 1
At time 5 Process 2 started arr 3 total 3 remain 3 wait 0
At time 8 Process 2 finished arr 3 total 3 remain 0 wait 2 TA 5 WTA 1.00
At time 9 Process 1 resumed arr 1 total 6 remain 5 wait 7
At time 14 Process 1 finished arr 1 total 6 remain 0 wait 7 TA 13 WTA 2.00
At time 15 Process 4 started arr 14 total 2 remain 2 wait 0
At time 17 Process 4 finished arr 14 total 2 remain 0 wait 1 TA 3 WTA 1.00
At time 18 Process 3 started arr 10 total 4 remain 4 wait 0
At time 22 Process 3 finished arr 10 total 4 remain 0 wait 8 TA 12 WTA 3.00
#At time x Process y state arr w total z remain y wait k
At time 2 Process 1 started arr 1 total 6 remain 6 wait 0
At time 4 Process 1 stopped arr 1 total 6 remain 5 wait 1
At time 5 Process 2 started arr 3 total 3 remain 3 wait 0
At time 8 Process 2 finished arr 3 total 3 remain 0 wait 2 TA 5 WTA 1.00
At time 9 Process 1 resumed arr 1 total 6 remain 5 wait 7
At time 14 Process 1 finished arr 1 total 6 remain 0 wait 7 TA 13 WTA 2.00
At time 15 Process 4 started arr 14 total 2 remain 2 wait 0
At time 17 Process 4 finished arr 14 total 2 remain 0 wait 1 TA 3 WTA 1.00
At time 18 Process 3 started arr 10 total 4 remain 4 wait 0
At time 22 Process 3 finished arr 10 total 4 remain 0 wait 8 TA 12 WTA 3.00
#At time x Process y state arr w total z remain y wait k
At time 2 Process 1 started arr 1 total 6 remain 6 wait 0
At time 4 Process 1 stopped arr 1 total 6 remain 5 wait 1
At time 5 Process 2 started arr 3 total 3 remain 3 wait 0
At time 8 Process 2 finished arr 3 total 3 remain 0 wait 2 TA 5 WTA 1.00
At time 9 Process 1 resumed arr 1 total 6 remain 5 wait 7
At time 14 Process 1 finished arr 1 total 6 remain 0 wait 7 TA 13 WTA 2.00
At time 15 Process 4 started arr 14 total 2 remain 2 wait 0
At time 17 Process 4 finished arr 14 total 2 remain 0 wait 1 TA 3 WTA 1.00
At time 18 Process 3 started arr 10 total 4 remain 4 wait 0
At time 22 Process 3 finished arr 10 total 4 remain 0 wait 8 TA 12 WTA 3.00
#At time x Process y state arr w total z remain y wait k
At time 2 Process 1 started arr 1 total 6 remain 6 wait 0
At time 4 Process 1 stopped arr 1 total 6 remain 5 wait 1
At time 5 Process 2 started arr 3 total 3 remain 3 wait 0
At time 8 Process 2 finished arr 3 total 3 remain 0 wait 2 TA 5 WTA 1.00
At time 9 Process 1 resumed arr 1 total 6 remain 5 wait 7
At time 14 Process 1 finished arr 1 total 6 remain 0 wait 7 TA 13 WTA 2.00
At time 15 Process 4 started arr 14 total 2 remain 2 wait 0
At time 17 Process 4 finished arr 14 total 2 remain 0 wait 1 TA 3 WTA 1.00
At time 18 Process 3 started arr 10 total 4 remain 4 wait 0
At time 22 Process 3 finished arr 10 total 4 remain 0 wait 8 TA 12 WTA 3.00
#At time x Process y state arr w total z remain y wait k
At time 1 Process 1 started arr 1 total 6 remain 6 wait 0
At time 4 Process 1 stopped arr 1 total 6 remain 4 wait 0
At time 5 Process 2 started arr 3 total 3 remain 3 wait 0
At time 8 Process 2 finished arr 3 total 3 remain 0 wait 2 TA 5 WTA 1.00
At time 9 Process 1 resumed arr 1 total 6 remain 4 wait 6
At time 13 Process 1 finished arr 1 total 6 remain 0 wait 6 TA 12 WTA 2.00
At time 14 Process 3 started arr 10 total 4 remain 4 wait 0
At time 15 Process 3 stopped arr 10 total 4 remain 4 wait 4
At time 16 Process 4 started arr 14 total 2 remain 2 wait 0
At time 18 Process 4 finished arr 14 total 2 remain 0 wait 2 TA 4 WTA 2.00
At time 19 Process 3 resumed arr 10 total 4 remain 4 wait 9
At time 23 Process 3 finished arr 10 total 4 remain 0 wait 9 TA 13 WTA 3.00
#At time x Process y state arr w total z remain y wait k
At time 2 Process 1 started arr 1 total 6 remain 6 wait 0
At time 4 Process 1 stopped arr 1 total 6 remain 5 wait 1
At time 5 Process 2 started arr 3 total 3 remain 3 wait 0
At time 8 Process 2 finished arr 3 total 3 remain 0 wait 2 TA 5 WTA 1.00
At time 9 Process 1 resumed arr 1 total 6 remain 5 wait 7
At time 14 Process 1 finished arr 1 total 6 remain 0 wait 7 TA 13 WTA 2.00
At time 15 Process 4 started arr 14 total 2 remain 2 wait 0
At time 17 Process 4 finished arr 14 total 2 remain 0 wait 1 TA 3 WTA 1.00
At time 18 Process 3 started arr 10 total 4 remain 4 wait 0
At time 22 Process 3 finished arr 10 total 4 remain 0 wait 8 TA 12 WTA 3.00
#At time x Process y state arr w total z remain y wait k
At time 2 Process 1 started arr 1 total 6 remain 6 wait 0
At time 4 Process 1 stopped arr 1 total 6 remain 5 wait 1
At time 5 Process 2 started arr 3 total 3 remain 3 wait 0
At time 8 Process 2 finished arr 3 total 3 remain 0 wait 2 TA 5 WTA 1.00
At time 9 Process 1 resumed arr 1 total 6 remain 5 wait 7
At time 14 Process 1 finished arr 1 total 6 remain 0 wait 7 TA 13 WTA 2.00
At time 15 Process 4 started arr 14 total 2 remain 2 wait 0
At time 17 Process 4 finished arr 14 total 2 remain 0 wait 1 TA 3 WTA 1.00
At time 18 Process 3 started arr 10 total 4 remain 4 wait 0
At time 22 Process 3 finished arr 10 total 4 remain 0 wait 8 TA 12 WTA 3.00
#At time x Process y state arr w total z remain y wait k
At time 1 Process 1 started arr 1 total 6 remain 6 wait 0
At time 4 Process 1 stopped arr 1 total 6 remain 4 wait 0
At time 5 Process 2 started arr 3 total 3 remain 3 wait 0
#At time x Process y state arr w total z remain y wait k
At time 2 Process 1 started arr 1 total 6 remain 6 wait 0
At time 4 Process 1 stopped arr 1 total 6 remain 5 wait 1
At time 5 Process 2 started arr 3 total 3 remain 3 wait 0
At time 8 Process 2 finished arr 3 total 3 remain 0 wait 2 TA 5 WTA 1.00
At time 9 Process 1 resumed arr 1 total 6 remain 5 wait 7
At time 14 Process 1 finished arr 1 total 6 remain 0 wait 7 TA 13 WTA 2.00
At time 15 Process 4 started arr 14 total 2 remain 2 wait 0
At time 17 Process 4 finished arr 14 total 2 remain 0 wait 1 TA 3 WTA 1.00
At time 18 Process 3 started arr 10 total 4 remain 4 wait 0
At time 22 Process 3 finished arr 10 total 4 remain 0 wait 8 TA 12 WTA 3.00
#At time x Process y state arr w total z remain y wait k
At time 2 Process 1 started arr 1 total 6 remain 6 wait 0
At time 8 Process 1 finished arr 1 total 6 remain 0 wait 1 TA 7 WTA 1.00
At time 9 Process 2 started arr 3 total 3 remain 3 wait 0
At time 12 Process 2 finished arr 3 total 3 remain 0 wait 6 TA 9 WTA 3.00
At time 13 Process 3 started arr 10 total 4 remain 4 wait 0
At time 17 Process 3 finished arr 10 total 4 remain 0 wait 3 TA 7 WTA 1.00
At time 18 Process 4 started arr 14 total 2 remain 2 wait 0
At time 20 Process 4 finished arr 14 total 2 remain 0 wait 4 TA 6 WTA 3.00
#At time x Process y state arr w total z remain y wait k
At time 2 Process 1 started arr 1 total 6 remain 6 wait 0
At time 4 Process 1 stopped arr 1 total 6 remain 4 wait 1
At time 5 Process 2 started arr 3 total 3 remain 3 wait 0
At time 7 Process 2 stopped arr 3 total 3 remain 1 wait 2
At time 8 Process 1 resumed arr 1 total 6 remain 4 wait 5
At time 10 Process 1 stopped arr 1 total 6 remain 2 wait 5
At time 11 Process 2 resumed arr 3 total 3 remain 1 wait 6
At time 12 Process 2 finished arr 3 total 3 remain 0 wait 6 TA 9 WTA 3.00
At time 13 Process 1 resumed arr 1 total 6 remain 2 wait 8
At time 15 Process 1 finished arr 1 total 6 remain 0 wait 8 TA 14 WTA 2.00
At time 16 Process 3 started arr 10 total 4 remain 4 wait 0
At time 18 Process 3 stopped arr 10 total 4 remain 2 wait 6
At time 19 Process 4 started arr 14 total 2 remain 2 wait 0
At time 21 Process 4 finished arr 14 total 2 remain 0 wait 5 TA 7 WTA 3.00
At time 22 Process 3 resumed arr 10 total 4 remain 2 wait 10
At time 24 Process 3 finished arr 10 total 4 remain 0 wait 10 TA 14 WTA 3.00
#At time x Process y state arr w total z remain y wait k
At time 0 Process 4 started arr 14 total 2 remain 2 wait 0
At time 2 Process 4 finished arr 14 total 2 remain 0 wait -14 TA -12 WTA -6.00
At time 3 Process 2 started arr 3 total 3 remain 3 wait 0
At time 6 Process 2 finished arr 3 total 3 remain 0 wait 0 TA 3 WTA 1.00
At time 7 Process 3 started arr 10 total 4 remain 4 wait 0
At time 11 Process 3 finished arr 10 total 4 remain 0 wait -3 TA 1 WTA 0.00
At time 12 Process 1 started arr 1 total 6 remain 6 wait 0
At time 18 Process 1 finished arr 1 total 6 remain 0 wait 11 TA 17 WTA 2.00
#At time x Process y state arr w total z remain y wait k
At time 2 Process 1 started arr 1 total 6 remain 6 wait 0
At time 4 Process 1 stopped arr 1 total 6 remain 5 wait 1
At time 5 Process 2 started arr 3 total 3 remain 3 wait 0
At time 8 Process 2 finished arr 3 total 3 remain 0 wait 2 TA 5 WTA 1.00
At time 9 Process 1 resumed arr 1 total 6 remain 5 wait 7
At time 14 Process 1 finished arr 1 total 6 remain 0 wait 7 TA 13 WTA 2.00
At time 15 Process 4 started arr 14 total 2 remain 2 wait 0
At time 17 Process 4 finished arr 14 total 2 remain 0 wait 1 TA 3 WTA 1.00
At time 18 Process 3 started arr 10 total 4 remain 4 wait 0
At time 22 Process 3 finished arr 10 total 4 remain 0 wait 8 TA 12 WTA 3.00
#At time x Process y state arr w total z remain y wait k
At time 2 Process 1 started arr 1 total 6 remain 6 wait 0
#At time x Process y state arr w total z remain y wait k
At time 0 Process 2 started arr 3 total 3 remain 3 wait 0
At time 3 Process 2 finished arr 3 total 3 remain 0 wait -3 TA 0 WTA 0.00
At time 4 Process 1 started arr 1 total 6 remain 6 wait 0
#At time x Process y state arr w total z remain y wait k
At time 0 Process 2 started arr 3 total 3 remain 3 wait 0
#At time x Process y state arr w total z remain y wait k
At time 0 Process 1 started arr 1 total 6 remain 6 wait 0
#At time x Process y state arr w total z remain y wait k
At time 0 Process 2 started arr 3 total 3 remain 3 wait 0
At time 3 Process 2 finished arr 3 total 3 remain 0 wait -3 TA 0 WTA 0.00
At time 4 Process 1 started arr 1 total 6 remain 6 wait 0
